{
  "stats": {
    "suites": 1,
    "tests": 1,
    "passes": 0,
    "pending": 3,
    "failures": -2,
    "start": "2025-05-23T14:28:13.520Z",
    "end": "2025-05-23T14:28:13.584Z",
    "duration": 64,
    "testsRegistered": 3,
    "passPercent": null,
    "pendingPercent": 100,
    "other": 2,
    "hasOther": true,
    "skipped": 0,
    "hasSkipped": false
  },
  "results": [
    {
      "uuid": "7237f995-f775-4c65-bdef-b33fb494774b",
      "title": "",
      "fullFile": "cypress\\e2e\\login.feature",
      "file": "cypress\\e2e\\login.feature",
      "beforeHooks": [],
      "afterHooks": [],
      "tests": [],
      "suites": [
        {
          "uuid": "c76aa970-ca5c-40c9-90b1-e8e5aa539d45",
          "title": "Login",
          "fullFile": "",
          "file": "",
          "beforeHooks": [],
          "afterHooks": [],
          "tests": [
            {
              "title": "Deve cadastrar usuário com sucesso",
              "fullTitle": "Login Deve cadastrar usuário com sucesso",
              "timedOut": null,
              "duration": 0,
              "state": "pending",
              "speed": null,
              "pass": false,
              "fail": false,
              "pending": true,
              "context": null,
              "code": "",
              "err": {},
              "uuid": "8dd2db28-b6dd-4d74-96c2-937f4a66d6be",
              "parentUUID": "c76aa970-ca5c-40c9-90b1-e8e5aa539d45",
              "isHook": false,
              "skipped": false
            },
            {
              "title": "Deve mostrar alertas ao tentar fazer login com dados inválidos",
              "fullTitle": "Login Deve mostrar alertas ao tentar fazer login com dados inválidos",
              "timedOut": null,
              "duration": 0,
              "state": "pending",
              "speed": null,
              "pass": false,
              "fail": false,
              "pending": true,
              "context": null,
              "code": "",
              "err": {},
              "uuid": "8f0a7b9e-7efa-4094-bae2-173a6786f216",
              "parentUUID": "c76aa970-ca5c-40c9-90b1-e8e5aa539d45",
              "isHook": false,
              "skipped": false
            },
            {
              "title": "Não deve cadastrar usuário com dados inválidos",
              "fullTitle": "Login Não deve cadastrar usuário com dados inválidos",
              "timedOut": null,
              "duration": 0,
              "state": "pending",
              "speed": null,
              "pass": false,
              "fail": false,
              "pending": true,
              "context": null,
              "code": "",
              "err": {},
              "uuid": "56008f46-1dfa-4c00-8396-6d1c7c11e6ad",
              "parentUUID": "c76aa970-ca5c-40c9-90b1-e8e5aa539d45",
              "isHook": false,
              "skipped": false
            }
          ],
          "suites": [],
          "passes": [],
          "failures": [],
          "pending": [
            "8dd2db28-b6dd-4d74-96c2-937f4a66d6be",
            "8f0a7b9e-7efa-4094-bae2-173a6786f216",
            "56008f46-1dfa-4c00-8396-6d1c7c11e6ad"
          ],
          "skipped": [],
          "duration": 0,
          "root": false,
          "rootEmpty": false,
          "_timeout": 2000
        }
      ],
      "passes": [],
      "failures": [],
      "pending": [],
      "skipped": [],
      "duration": 0,
      "root": true,
      "rootEmpty": true,
      "_timeout": 2000
    }
  ],
  "meta": {
    "mocha": {
      "version": "7.0.1"
    },
    "mochawesome": {
      "options": {
        "quiet": true,
        "reportFilename": "mochawesome",
        "saveHtml": false,
        "saveJson": true,
        "consoleReporter": "spec",
        "useInlineDiffs": false,
        "code": true
      },
      "version": "7.1.3"
    },
    "marge": {
      "options": {
        "reportDir": "output\\reports\\.jsons",
        "overwrite": false,
        "html": false,
        "json": true,
        "embeddedScreenshots": true,
        "charts": true,
        "quiet": true
      },
      "version": "6.2.0"
    }
  }
}